[2024-10-25T23:13:36.842+0000] {local_task_job_runner.py:123} INFO - ::group::Pre task execution logs
[2024-10-25T23:13:36.878+0000] {taskinstance.py:2612} INFO - Dependencies all met for dep_context=non-requeueable deps ti=<TaskInstance: indices_argentina_v02.load scheduled__2024-10-23T00:00:00+00:00 [queued]>
[2024-10-25T23:13:36.900+0000] {taskinstance.py:2612} INFO - Dependencies all met for dep_context=requeueable deps ti=<TaskInstance: indices_argentina_v02.load scheduled__2024-10-23T00:00:00+00:00 [queued]>
[2024-10-25T23:13:36.900+0000] {taskinstance.py:2865} INFO - Starting attempt 10 of 15
[2024-10-25T23:13:36.932+0000] {taskinstance.py:2888} INFO - Executing <Task(PythonOperator): load> on 2024-10-23 00:00:00+00:00
[2024-10-25T23:13:36.939+0000] {clientserver.py:543} INFO - Closing down clientserver connection
[2024-10-25T23:13:36.952+0000] {logging_mixin.py:190} WARNING - /home/***/.local/lib/python3.12/site-packages/***/task/task_runner/standard_task_runner.py:70 DeprecationWarning: This process (pid=14567) is multi-threaded, use of fork() may lead to deadlocks in the child.
[2024-10-25T23:13:36.952+0000] {standard_task_runner.py:72} INFO - Started process 14707 to run task
[2024-10-25T23:13:36.953+0000] {standard_task_runner.py:104} INFO - Running: ['***', 'tasks', 'run', 'indices_argentina_v02', 'load', 'scheduled__2024-10-23T00:00:00+00:00', '--job-id', '140', '--raw', '--subdir', 'DAGS_FOLDER/first_dag.py', '--cfg-path', '/tmp/tmpj8jv7pea']
[2024-10-25T23:13:36.956+0000] {standard_task_runner.py:105} INFO - Job 140: Subtask load
[2024-10-25T23:13:37.037+0000] {task_command.py:467} INFO - Running <TaskInstance: indices_argentina_v02.load scheduled__2024-10-23T00:00:00+00:00 [running]> on host d9df5aecafce
[2024-10-25T23:13:37.262+0000] {clientserver.py:505} INFO - Error while sending or receiving.
Traceback (most recent call last):
  File "/home/airflow/.local/lib/python3.12/site-packages/py4j/clientserver.py", line 503, in send_command
    self.socket.sendall(command.encode("utf-8"))
ConnectionResetError: [Errno 104] Connection reset by peer
[2024-10-25T23:13:37.268+0000] {clientserver.py:543} INFO - Closing down clientserver connection
[2024-10-25T23:13:37.269+0000] {java_gateway.py:1052} INFO - Exception while sending command.
Traceback (most recent call last):
  File "/home/airflow/.local/lib/python3.12/site-packages/py4j/clientserver.py", line 503, in send_command
    self.socket.sendall(command.encode("utf-8"))
ConnectionResetError: [Errno 104] Connection reset by peer

During handling of the above exception, another exception occurred:

Traceback (most recent call last):
  File "/home/airflow/.local/lib/python3.12/site-packages/py4j/java_gateway.py", line 1038, in send_command
    response = connection.send_command(command)
               ^^^^^^^^^^^^^^^^^^^^^^^^^^^^^^^^
  File "/home/airflow/.local/lib/python3.12/site-packages/py4j/clientserver.py", line 506, in send_command
    raise Py4JNetworkError(
py4j.protocol.Py4JNetworkError: Error while sending
[2024-10-25T23:13:37.281+0000] {clientserver.py:543} INFO - Closing down clientserver connection
[2024-10-25T23:13:37.380+0000] {taskinstance.py:3131} INFO - Exporting env vars: AIRFLOW_CTX_DAG_OWNER='rolo' AIRFLOW_CTX_DAG_ID='indices_argentina_v02' AIRFLOW_CTX_TASK_ID='load' AIRFLOW_CTX_EXECUTION_DATE='2024-10-23T00:00:00+00:00' AIRFLOW_CTX_TRY_NUMBER='10' AIRFLOW_CTX_DAG_RUN_ID='scheduled__2024-10-23T00:00:00+00:00'
[2024-10-25T23:13:37.380+0000] {taskinstance.py:731} INFO - ::endgroup::
[2024-10-25T23:18:19.724+0000] {local_task_job_runner.py:346} WARNING - State of this instance has been externally set to queued. Terminating instance.
[2024-10-25T23:18:19.727+0000] {local_task_job_runner.py:245} INFO - ::endgroup::
[2024-10-25T23:18:19.733+0000] {process_utils.py:132} INFO - Sending 15 to group 14707. PIDs of all processes in the group: [14707]
[2024-10-25T23:18:19.733+0000] {process_utils.py:87} INFO - Sending the signal 15 to group 14707
[2024-10-25T23:18:19.734+0000] {taskinstance.py:3092} ERROR - Received SIGTERM. Terminating subprocesses.
[2024-10-25T23:18:19.766+0000] {taskinstance.py:3310} ERROR - Task failed with exception
Traceback (most recent call last):
  File "/home/airflow/.local/lib/python3.12/site-packages/airflow/models/taskinstance.py", line 767, in _execute_task
    result = _execute_callable(context=context, **execute_callable_kwargs)
             ^^^^^^^^^^^^^^^^^^^^^^^^^^^^^^^^^^^^^^^^^^^^^^^^^^^^^^^^^^^^^
  File "/home/airflow/.local/lib/python3.12/site-packages/airflow/models/taskinstance.py", line 733, in _execute_callable
    return ExecutionCallableRunner(
           ^^^^^^^^^^^^^^^^^^^^^^^^
  File "/home/airflow/.local/lib/python3.12/site-packages/airflow/utils/operator_helpers.py", line 252, in run
    return self.func(*args, **kwargs)
           ^^^^^^^^^^^^^^^^^^^^^^^^^^
  File "/home/airflow/.local/lib/python3.12/site-packages/airflow/models/baseoperator.py", line 406, in wrapper
    return func(self, *args, **kwargs)
           ^^^^^^^^^^^^^^^^^^^^^^^^^^^
  File "/home/airflow/.local/lib/python3.12/site-packages/airflow/operators/python.py", line 238, in execute
    return_value = self.execute_callable()
                   ^^^^^^^^^^^^^^^^^^^^^^^
  File "/home/airflow/.local/lib/python3.12/site-packages/airflow/operators/python.py", line 256, in execute_callable
    return runner.run(*self.op_args, **self.op_kwargs)
           ^^^^^^^^^^^^^^^^^^^^^^^^^^^^^^^^^^^^^^^^^^^
  File "/home/airflow/.local/lib/python3.12/site-packages/airflow/utils/operator_helpers.py", line 252, in run
    return self.func(*args, **kwargs)
           ^^^^^^^^^^^^^^^^^^^^^^^^^^
  File "/opt/airflow/dags/first_dag.py", line 91, in load
    spark.stop()
  File "/home/airflow/.local/lib/python3.12/site-packages/pyspark/sql/session.py", line 1796, in stop
    self._sc.stop()
  File "/home/airflow/.local/lib/python3.12/site-packages/pyspark/context.py", line 666, in stop
    self._accumulatorServer.shutdown()
  File "/home/airflow/.local/lib/python3.12/site-packages/pyspark/accumulators.py", line 316, in shutdown
    SocketServer.TCPServer.shutdown(self)
  File "/usr/local/lib/python3.12/socketserver.py", line 255, in shutdown
    self.__is_shut_down.wait()
  File "/usr/local/lib/python3.12/threading.py", line 655, in wait
    signaled = self._cond.wait(timeout)
               ^^^^^^^^^^^^^^^^^^^^^^^^
  File "/usr/local/lib/python3.12/threading.py", line 355, in wait
    waiter.acquire()
  File "/home/airflow/.local/lib/python3.12/site-packages/airflow/models/taskinstance.py", line 3094, in signal_handler
    raise AirflowTaskTerminated("Task received SIGTERM signal")
airflow.exceptions.AirflowTaskTerminated: Task received SIGTERM signal
[2024-10-25T23:18:19.785+0000] {taskinstance.py:1225} INFO - Marking task as UP_FOR_RETRY. dag_id=indices_argentina_v02, task_id=load, run_id=scheduled__2024-10-23T00:00:00+00:00, execution_date=20241023T000000, start_date=20241025T231336, end_date=20241025T231819
[2024-10-25T23:18:19.845+0000] {taskinstance.py:340} INFO - ::group::Post task execution logs
[2024-10-25T23:18:19.870+0000] {process_utils.py:80} INFO - Process psutil.Process(pid=14707, status='terminated', exitcode=2, started='23:13:36') (14707) terminated with exit code 2
